2025-08-09 12:27:09 [restartedMain] INFO  c.e.c.ProjectJavaServiceApplication - Starting ProjectJavaServiceApplication using Java 17.0.15 with PID 13088 (C:\Users\dinhk\OneDrive\Desktop\projectJavaService\build\classes\java\main started by dinhk in C:\Users\dinhk\OneDrive\Desktop\projectJavaService)
2025-08-09 12:27:09 [restartedMain] INFO  c.e.c.ProjectJavaServiceApplication - No active profile set, falling back to 1 default profile: "default"
2025-08-09 12:27:09 [restartedMain] INFO  o.s.b.d.e.DevToolsPropertyDefaultsPostProcessor - Devtools property defaults active! Set 'spring.devtools.add-properties' to 'false' to disable
2025-08-09 12:27:09 [restartedMain] INFO  o.s.b.d.e.DevToolsPropertyDefaultsPostProcessor - For additional web related logging consider setting the 'logging.level.web' property to 'DEBUG'
2025-08-09 12:27:10 [restartedMain] INFO  o.s.d.r.c.RepositoryConfigurationDelegate - Bootstrapping Spring Data JPA repositories in DEFAULT mode.
2025-08-09 12:27:10 [restartedMain] INFO  o.s.d.r.c.RepositoryConfigurationDelegate - Finished Spring Data repository scanning in 52 ms. Found 8 JPA repository interfaces.
2025-08-09 12:27:10 [restartedMain] INFO  o.s.b.w.e.tomcat.TomcatWebServer - Tomcat initialized with port 8080 (http)
2025-08-09 12:27:10 [restartedMain] INFO  o.a.catalina.core.StandardService - Starting service [Tomcat]
2025-08-09 12:27:10 [restartedMain] INFO  o.a.catalina.core.StandardEngine - Starting Servlet engine: [Apache Tomcat/10.1.43]
2025-08-09 12:27:10 [restartedMain] INFO  o.a.c.c.C.[Tomcat].[localhost].[/] - Initializing Spring embedded WebApplicationContext
2025-08-09 12:27:10 [restartedMain] INFO  o.s.b.w.s.c.ServletWebServerApplicationContext - Root WebApplicationContext: initialization completed in 1058 ms
2025-08-09 12:27:10 [restartedMain] INFO  o.h.jpa.internal.util.LogHelper - HHH000204: Processing PersistenceUnitInfo [name: default]
2025-08-09 12:27:10 [restartedMain] INFO  org.hibernate.Version - HHH000412: Hibernate ORM core version 6.6.22.Final
2025-08-09 12:27:10 [restartedMain] INFO  o.h.c.i.RegionFactoryInitiator - HHH000026: Second-level cache disabled
2025-08-09 12:27:11 [restartedMain] INFO  o.s.o.j.p.SpringPersistenceUnitInfo - No LoadTimeWeaver setup: ignoring JPA class transformer
2025-08-09 12:27:11 [restartedMain] INFO  com.zaxxer.hikari.HikariDataSource - HikariPool-1 - Starting...
2025-08-09 12:27:11 [restartedMain] INFO  com.zaxxer.hikari.pool.HikariPool - HikariPool-1 - Added connection com.mysql.cj.jdbc.ConnectionImpl@7893560c
2025-08-09 12:27:11 [restartedMain] INFO  com.zaxxer.hikari.HikariDataSource - HikariPool-1 - Start completed.
2025-08-09 12:27:11 [restartedMain] INFO  o.hibernate.orm.connections.pooling - HHH10001005: Database info:
	Database JDBC URL [Connecting through datasource 'HikariDataSource (HikariPool-1)']
	Database driver: undefined/unknown
	Database version: 8.0.41
	Autocommit mode: undefined/unknown
	Isolation level: undefined/unknown
	Minimum pool size: undefined/unknown
	Maximum pool size: undefined/unknown
2025-08-09 12:27:12 [restartedMain] INFO  o.h.e.t.j.p.i.JtaPlatformInitiator - HHH000489: No JTA platform available (set 'hibernate.transaction.jta.platform' to enable JTA platform integration)
2025-08-09 12:27:12 [restartedMain] INFO  o.s.o.j.LocalContainerEntityManagerFactoryBean - Initialized JPA EntityManagerFactory for persistence unit 'default'
2025-08-09 12:27:12 [restartedMain] INFO  o.s.d.j.r.query.QueryEnhancerFactory - Hibernate is in classpath; If applicable, HQL parser will be used.
2025-08-09 12:27:12 [restartedMain] INFO  o.s.s.c.a.a.c.InitializeAuthenticationProviderBeanManagerConfigurer$InitializeAuthenticationProviderManagerConfigurer - Global AuthenticationManager configured with AuthenticationProvider bean with name authenticationProvider
2025-08-09 12:27:12 [restartedMain] WARN  o.s.s.c.a.a.c.InitializeUserDetailsBeanManagerConfigurer$InitializeUserDetailsManagerConfigurer - Global AuthenticationManager configured with an AuthenticationProvider bean. UserDetailsService beans will not be used by Spring Security for automatically configuring username/password login. Consider removing the AuthenticationProvider bean. Alternatively, consider using the UserDetailsService in a manually instantiated DaoAuthenticationProvider. If the current configuration is intentional, to turn off this warning, increase the logging level of 'org.springframework.security.config.annotation.authentication.configuration.InitializeUserDetailsBeanManagerConfigurer' to ERROR
2025-08-09 12:27:14 [restartedMain] WARN  o.s.b.a.o.j.JpaBaseConfiguration$JpaWebConfiguration - spring.jpa.open-in-view is enabled by default. Therefore, database queries may be performed during view rendering. Explicitly configure spring.jpa.open-in-view to disable this warning
2025-08-09 12:27:14 [restartedMain] DEBUG o.s.w.s.m.m.a.RequestMappingHandlerMapping - 46 mappings in 'requestMappingHandlerMapping'
2025-08-09 12:27:14 [restartedMain] DEBUG o.s.w.s.h.SimpleUrlHandlerMapping - Patterns [/webjars/**, /**] in 'resourceHandlerMapping'
2025-08-09 12:27:15 [restartedMain] DEBUG o.s.w.s.m.m.a.RequestMappingHandlerAdapter - ControllerAdvice beans: 0 @ModelAttribute, 0 @InitBinder, 1 RequestBodyAdvice, 1 ResponseBodyAdvice
2025-08-09 12:27:15 [restartedMain] DEBUG o.s.w.s.m.m.a.ExceptionHandlerExceptionResolver - ControllerAdvice beans: 2 @ExceptionHandler, 1 ResponseBodyAdvice
2025-08-09 12:27:15 [restartedMain] INFO  o.s.b.d.a.OptionalLiveReloadServer - LiveReload server is running on port 35729
2025-08-09 12:27:15 [restartedMain] INFO  o.s.b.w.e.tomcat.TomcatWebServer - Tomcat started on port 8080 (http) with context path '/'
2025-08-09 12:27:15 [restartedMain] INFO  c.e.c.ProjectJavaServiceApplication - Started ProjectJavaServiceApplication in 6.069 seconds (process running for 6.58)
2025-08-09 12:27:19 [http-nio-8080-exec-10] INFO  o.a.c.c.C.[Tomcat].[localhost].[/] - Initializing Spring DispatcherServlet 'dispatcherServlet'
2025-08-09 12:27:19 [http-nio-8080-exec-10] INFO  o.s.web.servlet.DispatcherServlet - Initializing Servlet 'dispatcherServlet'
2025-08-09 12:27:19 [http-nio-8080-exec-10] DEBUG o.s.web.servlet.DispatcherServlet - Detected StandardServletMultipartResolver
2025-08-09 12:27:19 [http-nio-8080-exec-10] DEBUG o.s.web.servlet.DispatcherServlet - Detected AcceptHeaderLocaleResolver
2025-08-09 12:27:19 [http-nio-8080-exec-10] DEBUG o.s.web.servlet.DispatcherServlet - Detected FixedThemeResolver
2025-08-09 12:27:19 [http-nio-8080-exec-10] DEBUG o.s.web.servlet.DispatcherServlet - Detected org.springframework.web.servlet.view.DefaultRequestToViewNameTranslator@3a6b2506
2025-08-09 12:27:19 [http-nio-8080-exec-10] DEBUG o.s.web.servlet.DispatcherServlet - Detected org.springframework.web.servlet.support.SessionFlashMapManager@7e6a0ca8
2025-08-09 12:27:19 [http-nio-8080-exec-10] DEBUG o.s.web.servlet.DispatcherServlet - enableLoggingRequestDetails='false': request parameters and headers will be masked to prevent unsafe logging of potentially sensitive data
2025-08-09 12:27:19 [http-nio-8080-exec-10] INFO  o.s.web.servlet.DispatcherServlet - Completed initialization in 3 ms
2025-08-09 12:27:19 [http-nio-8080-exec-10] ERROR c.e.c.c.security.jwt.JWTProvider - JWT: message error expired:
2025-08-09 12:27:37 [http-nio-8080-exec-2] DEBUG o.s.web.servlet.DispatcherServlet - POST "/api/auth/login", parameters={}
2025-08-09 12:27:37 [http-nio-8080-exec-2] DEBUG o.s.w.s.m.m.a.RequestMappingHandlerMapping - Mapped to com.example.courses.controller.AuthController#login(FormLogin)
2025-08-09 12:27:37 [http-nio-8080-exec-2] DEBUG o.s.w.s.m.m.a.RequestResponseBodyMethodProcessor - Read "application/json;charset=UTF-8" to [FormLogin(username=user1, password=123456)]
2025-08-09 12:27:37 [http-nio-8080-exec-2] DEBUG org.hibernate.SQL - select u1_0.user_id,u1_0.created_at,u1_0.email,u1_0.full_name,u1_0.is_active,u1_0.password_hash,u1_0.role,u1_0.updated_at,u1_0.username from user u1_0 where u1_0.username=? or u1_0.email=?
2025-08-09 12:27:38 [http-nio-8080-exec-2] DEBUG org.hibernate.SQL - select u1_0.user_id,u1_0.created_at,u1_0.email,u1_0.full_name,u1_0.is_active,u1_0.password_hash,u1_0.role,u1_0.updated_at,u1_0.username from user u1_0 where u1_0.username=? or u1_0.email=?
2025-08-09 12:27:38 [http-nio-8080-exec-2] DEBUG o.s.w.s.m.m.a.HttpEntityMethodProcessor - Using 'application/json', given [*/*] and supported [application/json, application/*+json]
2025-08-09 12:27:38 [http-nio-8080-exec-2] DEBUG o.s.w.s.m.m.a.HttpEntityMethodProcessor - Writing [DataResponse(success=true, message=Đăng nhập thành công, data=JwtResponse(type=Bearer Token, accessT (truncated)...]
2025-08-09 12:27:38 [http-nio-8080-exec-2] DEBUG o.s.web.servlet.DispatcherServlet - Completed 200 OK
2025-08-09 12:27:44 [http-nio-8080-exec-5] ERROR c.e.c.c.security.jwt.JWTProvider - JWT: message error expired:
2025-08-09 12:28:00 [http-nio-8080-exec-6] DEBUG org.hibernate.SQL - select u1_0.user_id,u1_0.created_at,u1_0.email,u1_0.full_name,u1_0.is_active,u1_0.password_hash,u1_0.role,u1_0.updated_at,u1_0.username from user u1_0 where u1_0.username=? or u1_0.email=?
2025-08-09 12:28:00 [http-nio-8080-exec-6] DEBUG o.s.web.servlet.DispatcherServlet - GET "/api/courses/1/reviews", parameters={}
2025-08-09 12:28:00 [http-nio-8080-exec-6] DEBUG o.s.w.s.m.m.a.RequestMappingHandlerMapping - Mapped to com.example.courses.controller.ReviewController#getCourseReviews(Integer, int, int, String, String)
2025-08-09 12:28:01 [http-nio-8080-exec-6] DEBUG org.hibernate.SQL - select count(*) from courses c1_0 where c1_0.course_id=?
2025-08-09 12:28:01 [http-nio-8080-exec-6] DEBUG org.hibernate.SQL - select r1_0.review_id,r1_0.comment,r1_0.course_id,r1_0.created_at,r1_0.rating,s1_0.user_id,s1_0.created_at,s1_0.email,s1_0.full_name,s1_0.is_active,s1_0.password_hash,s1_0.role,s1_0.updated_at,s1_0.username,r1_0.student_id,r1_0.updated_at from reviews r1_0 left join user s1_0 on s1_0.user_id=r1_0.student_id where r1_0.course_id=? order by r1_0.created_at desc,r1_0.created_at desc limit ?
2025-08-09 12:28:01 [http-nio-8080-exec-6] DEBUG org.hibernate.SQL - select avg(r1_0.rating) from reviews r1_0 where r1_0.course_id=?
2025-08-09 12:28:01 [http-nio-8080-exec-6] DEBUG org.hibernate.SQL - select count(r1_0.review_id) from reviews r1_0 where r1_0.course_id=?
2025-08-09 12:28:01 [http-nio-8080-exec-6] DEBUG o.s.w.s.m.m.a.HttpEntityMethodProcessor - Using 'application/json', given [*/*] and supported [application/json, application/*+json]
2025-08-09 12:28:01 [http-nio-8080-exec-6] DEBUG o.s.w.s.m.m.a.HttpEntityMethodProcessor - Writing [DataResponse(success=true, message=Lấy danh sách đánh giá khóa học thành công, data=ReviewListRespon (truncated)...]
2025-08-09 12:28:01 [http-nio-8080-exec-6] DEBUG o.s.web.servlet.DispatcherServlet - Completed 200 OK
